2021/12/09 11:06:32 [error] [php] Undefined index: Model (/var/www/html/yii/interviewcrud/protected/controllers/SiteController.php:34)
Stack trace:
#0 /var/www/html/yii/framework/web/actions/CInlineAction.php(49): SiteController->actionIndex()
#1 /var/www/html/yii/framework/web/CController.php(308): CInlineAction->runWithParams()
#2 /var/www/html/yii/framework/web/CController.php(286): SiteController->runAction()
#3 /var/www/html/yii/framework/web/CController.php(265): SiteController->runActionWithFilters()
#4 /var/www/html/yii/framework/web/CWebApplication.php(282): SiteController->run()
#5 /var/www/html/yii/framework/web/CWebApplication.php(141): CWebApplication->runController()
#6 /var/www/html/yii/framework/base/CApplication.php(185): CWebApplication->processRequest()
#7 /var/www/html/yii/interviewcrud/index.php(13): CWebApplication->run()
REQUEST_URI=/yii/interviewcrud/index.php/site/index
in /var/www/html/yii/interviewcrud/protected/controllers/SiteController.php (34)
in /var/www/html/yii/interviewcrud/index.php (13)
2021/12/09 11:10:34 [error] [exception.Error] Error: Access to undeclared static property: Yii::$app in /var/www/html/yii/interviewcrud/protected/controllers/SiteController.php:32
Stack trace:
#0 /var/www/html/yii/framework/web/actions/CInlineAction.php(49): SiteController->actionIndex()
#1 /var/www/html/yii/framework/web/CController.php(308): CInlineAction->runWithParams()
#2 /var/www/html/yii/framework/web/CController.php(286): CController->runAction()
#3 /var/www/html/yii/framework/web/CController.php(265): CController->runActionWithFilters()
#4 /var/www/html/yii/framework/web/CWebApplication.php(282): CController->run()
#5 /var/www/html/yii/framework/web/CWebApplication.php(141): CWebApplication->runController()
#6 /var/www/html/yii/framework/base/CApplication.php(185): CWebApplication->processRequest()
#7 /var/www/html/yii/interviewcrud/index.php(13): CApplication->run()
#8 {main}
REQUEST_URI=/yii/interviewcrud/index.php/site/index
---
2021/12/09 11:29:29 [warning] [application] Failed to set unsafe attribute "first_name" of "UserInformation".
in /var/www/html/yii/interviewcrud/protected/controllers/SiteController.php (40)
in /var/www/html/yii/interviewcrud/index.php (13)
2021/12/09 11:29:29 [warning] [application] Failed to set unsafe attribute "last_name" of "UserInformation".
in /var/www/html/yii/interviewcrud/protected/controllers/SiteController.php (40)
in /var/www/html/yii/interviewcrud/index.php (13)
2021/12/09 11:29:29 [warning] [application] Failed to set unsafe attribute "college" of "UserInformation".
in /var/www/html/yii/interviewcrud/protected/controllers/SiteController.php (40)
in /var/www/html/yii/interviewcrud/index.php (13)
2021/12/09 11:29:29 [warning] [application] Failed to set unsafe attribute "branch" of "UserInformation".
in /var/www/html/yii/interviewcrud/protected/controllers/SiteController.php (40)
in /var/www/html/yii/interviewcrud/index.php (13)
2021/12/09 11:29:29 [warning] [application] Failed to set unsafe attribute "city" of "UserInformation".
in /var/www/html/yii/interviewcrud/protected/controllers/SiteController.php (40)
in /var/www/html/yii/interviewcrud/index.php (13)
2021/12/09 11:29:56 [warning] [application] Failed to set unsafe attribute "first_name" of "UserInformation".
in /var/www/html/yii/interviewcrud/protected/controllers/SiteController.php (40)
in /var/www/html/yii/interviewcrud/index.php (13)
2021/12/09 11:29:56 [warning] [application] Failed to set unsafe attribute "last_name" of "UserInformation".
in /var/www/html/yii/interviewcrud/protected/controllers/SiteController.php (40)
in /var/www/html/yii/interviewcrud/index.php (13)
2021/12/09 11:29:56 [warning] [application] Failed to set unsafe attribute "college" of "UserInformation".
in /var/www/html/yii/interviewcrud/protected/controllers/SiteController.php (40)
in /var/www/html/yii/interviewcrud/index.php (13)
2021/12/09 11:29:56 [warning] [application] Failed to set unsafe attribute "branch" of "UserInformation".
in /var/www/html/yii/interviewcrud/protected/controllers/SiteController.php (40)
in /var/www/html/yii/interviewcrud/index.php (13)
2021/12/09 11:29:56 [warning] [application] Failed to set unsafe attribute "city" of "UserInformation".
in /var/www/html/yii/interviewcrud/protected/controllers/SiteController.php (40)
in /var/www/html/yii/interviewcrud/index.php (13)
2021/12/09 11:32:39 [error] [php] Trying to access array offset on value of type null (/var/www/html/yii/interviewcrud/protected/controllers/SiteController.php:39)
Stack trace:
#0 /var/www/html/yii/framework/web/actions/CInlineAction.php(49): SiteController->actionIndex()
#1 /var/www/html/yii/framework/web/CController.php(308): CInlineAction->runWithParams()
#2 /var/www/html/yii/framework/web/CController.php(286): SiteController->runAction()
#3 /var/www/html/yii/framework/web/CController.php(265): SiteController->runActionWithFilters()
#4 /var/www/html/yii/framework/web/CWebApplication.php(282): SiteController->run()
#5 /var/www/html/yii/framework/web/CWebApplication.php(141): CWebApplication->runController()
#6 /var/www/html/yii/framework/base/CApplication.php(185): CWebApplication->processRequest()
#7 /var/www/html/yii/interviewcrud/index.php(13): CWebApplication->run()
REQUEST_URI=/yii/interviewcrud/index.php/site/index
in /var/www/html/yii/interviewcrud/protected/controllers/SiteController.php (39)
in /var/www/html/yii/interviewcrud/index.php (13)
2021/12/09 11:33:16 [error] [exception.CException] CException: UserInformation and its behaviors do not have a method or closure named "save". in /var/www/html/yii/framework/base/CComponent.php:266
Stack trace:
#0 /var/www/html/yii/interviewcrud/protected/controllers/SiteController.php(43): CComponent->__call()
#1 /var/www/html/yii/framework/web/actions/CInlineAction.php(49): SiteController->actionIndex()
#2 /var/www/html/yii/framework/web/CController.php(308): CInlineAction->runWithParams()
#3 /var/www/html/yii/framework/web/CController.php(286): CController->runAction()
#4 /var/www/html/yii/framework/web/CController.php(265): CController->runActionWithFilters()
#5 /var/www/html/yii/framework/web/CWebApplication.php(282): CController->run()
#6 /var/www/html/yii/framework/web/CWebApplication.php(141): CWebApplication->runController()
#7 /var/www/html/yii/framework/base/CApplication.php(185): CWebApplication->processRequest()
#8 /var/www/html/yii/interviewcrud/index.php(13): CApplication->run()
#9 {main}
REQUEST_URI=/yii/interviewcrud/index.php/site/index
---
2021/12/09 11:38:38 [error] [php] Undefined index: form (/var/www/html/yii/interviewcrud/protected/controllers/SiteController.php:40)
Stack trace:
#0 /var/www/html/yii/framework/web/actions/CInlineAction.php(49): SiteController->actionIndex()
#1 /var/www/html/yii/framework/web/CController.php(308): CInlineAction->runWithParams()
#2 /var/www/html/yii/framework/web/CController.php(286): SiteController->runAction()
#3 /var/www/html/yii/framework/web/CController.php(265): SiteController->runActionWithFilters()
#4 /var/www/html/yii/framework/web/CWebApplication.php(282): SiteController->run()
#5 /var/www/html/yii/framework/web/CWebApplication.php(141): CWebApplication->runController()
#6 /var/www/html/yii/framework/base/CApplication.php(185): CWebApplication->processRequest()
#7 /var/www/html/yii/interviewcrud/index.php(13): CWebApplication->run()
REQUEST_URI=/yii/interviewcrud/index.php/site/index
in /var/www/html/yii/interviewcrud/protected/controllers/SiteController.php (40)
in /var/www/html/yii/interviewcrud/index.php (13)
2021/12/09 11:38:58 [warning] [application] Failed to set unsafe attribute "first_name" of "UserInformation".
in /var/www/html/yii/interviewcrud/protected/controllers/SiteController.php (41)
in /var/www/html/yii/interviewcrud/index.php (13)
2021/12/09 11:38:58 [warning] [application] Failed to set unsafe attribute "last_name" of "UserInformation".
in /var/www/html/yii/interviewcrud/protected/controllers/SiteController.php (41)
in /var/www/html/yii/interviewcrud/index.php (13)
2021/12/09 11:38:58 [warning] [application] Failed to set unsafe attribute "college" of "UserInformation".
in /var/www/html/yii/interviewcrud/protected/controllers/SiteController.php (41)
in /var/www/html/yii/interviewcrud/index.php (13)
2021/12/09 11:38:58 [warning] [application] Failed to set unsafe attribute "branch" of "UserInformation".
in /var/www/html/yii/interviewcrud/protected/controllers/SiteController.php (41)
in /var/www/html/yii/interviewcrud/index.php (13)
2021/12/09 11:38:58 [warning] [application] Failed to set unsafe attribute "city" of "UserInformation".
in /var/www/html/yii/interviewcrud/protected/controllers/SiteController.php (41)
in /var/www/html/yii/interviewcrud/index.php (13)
2021/12/09 11:38:58 [error] [php] Undefined index: user_information (/var/www/html/yii/interviewcrud/protected/controllers/SiteController.php:43)
Stack trace:
#0 /var/www/html/yii/framework/web/actions/CInlineAction.php(49): SiteController->actionIndex()
#1 /var/www/html/yii/framework/web/CController.php(308): CInlineAction->runWithParams()
#2 /var/www/html/yii/framework/web/CController.php(286): SiteController->runAction()
#3 /var/www/html/yii/framework/web/CController.php(265): SiteController->runActionWithFilters()
#4 /var/www/html/yii/framework/web/CWebApplication.php(282): SiteController->run()
#5 /var/www/html/yii/framework/web/CWebApplication.php(141): CWebApplication->runController()
#6 /var/www/html/yii/framework/base/CApplication.php(185): CWebApplication->processRequest()
#7 /var/www/html/yii/interviewcrud/index.php(13): CWebApplication->run()
REQUEST_URI=/yii/interviewcrud/index.php/site/index
in /var/www/html/yii/interviewcrud/protected/controllers/SiteController.php (43)
in /var/www/html/yii/interviewcrud/index.php (13)
2021/12/09 11:39:16 [warning] [application] Failed to set unsafe attribute "first_name" of "UserInformation".
in /var/www/html/yii/interviewcrud/protected/controllers/SiteController.php (41)
in /var/www/html/yii/interviewcrud/index.php (13)
2021/12/09 11:39:16 [warning] [application] Failed to set unsafe attribute "last_name" of "UserInformation".
in /var/www/html/yii/interviewcrud/protected/controllers/SiteController.php (41)
in /var/www/html/yii/interviewcrud/index.php (13)
2021/12/09 11:39:16 [warning] [application] Failed to set unsafe attribute "college" of "UserInformation".
in /var/www/html/yii/interviewcrud/protected/controllers/SiteController.php (41)
in /var/www/html/yii/interviewcrud/index.php (13)
2021/12/09 11:39:16 [warning] [application] Failed to set unsafe attribute "branch" of "UserInformation".
in /var/www/html/yii/interviewcrud/protected/controllers/SiteController.php (41)
in /var/www/html/yii/interviewcrud/index.php (13)
2021/12/09 11:39:16 [warning] [application] Failed to set unsafe attribute "city" of "UserInformation".
in /var/www/html/yii/interviewcrud/protected/controllers/SiteController.php (41)
in /var/www/html/yii/interviewcrud/index.php (13)
2021/12/09 11:39:55 [warning] [application] Failed to set unsafe attribute "first_name" of "UserInformation".
in /var/www/html/yii/interviewcrud/protected/controllers/SiteController.php (40)
in /var/www/html/yii/interviewcrud/index.php (13)
2021/12/09 11:39:55 [warning] [application] Failed to set unsafe attribute "last_name" of "UserInformation".
in /var/www/html/yii/interviewcrud/protected/controllers/SiteController.php (40)
in /var/www/html/yii/interviewcrud/index.php (13)
2021/12/09 11:39:55 [warning] [application] Failed to set unsafe attribute "college" of "UserInformation".
in /var/www/html/yii/interviewcrud/protected/controllers/SiteController.php (40)
in /var/www/html/yii/interviewcrud/index.php (13)
2021/12/09 11:39:55 [warning] [application] Failed to set unsafe attribute "branch" of "UserInformation".
in /var/www/html/yii/interviewcrud/protected/controllers/SiteController.php (40)
in /var/www/html/yii/interviewcrud/index.php (13)
2021/12/09 11:39:55 [warning] [application] Failed to set unsafe attribute "city" of "UserInformation".
in /var/www/html/yii/interviewcrud/protected/controllers/SiteController.php (40)
in /var/www/html/yii/interviewcrud/index.php (13)
2021/12/09 11:39:55 [error] [exception.CException] CException: UserInformation and its behaviors do not have a method or closure named "save". in /var/www/html/yii/framework/base/CComponent.php:266
Stack trace:
#0 /var/www/html/yii/interviewcrud/protected/controllers/SiteController.php(41): CComponent->__call()
#1 /var/www/html/yii/framework/web/actions/CInlineAction.php(49): SiteController->actionIndex()
#2 /var/www/html/yii/framework/web/CController.php(308): CInlineAction->runWithParams()
#3 /var/www/html/yii/framework/web/CController.php(286): CController->runAction()
#4 /var/www/html/yii/framework/web/CController.php(265): CController->runActionWithFilters()
#5 /var/www/html/yii/framework/web/CWebApplication.php(282): CController->run()
#6 /var/www/html/yii/framework/web/CWebApplication.php(141): CWebApplication->runController()
#7 /var/www/html/yii/framework/base/CApplication.php(185): CWebApplication->processRequest()
#8 /var/www/html/yii/interviewcrud/index.php(13): CApplication->run()
#9 {main}
REQUEST_URI=/yii/interviewcrud/index.php/site/index
HTTP_REFERER=http://localhost/yii/interviewcrud/index.php/site/index
---
2021/12/09 11:44:46 [error] [exception.CException] CException: Property "UserInformation.first_name,last_name, college,branch,city" is not defined. in /var/www/html/yii/framework/base/CComponent.php:130
Stack trace:
#0 /var/www/html/yii/framework/db/ar/CActiveRecord.php(145): CComponent->__get()
#1 /var/www/html/yii/framework/validators/CRequiredValidator.php(58): CActiveRecord->__get()
#2 /var/www/html/yii/framework/validators/CValidator.php(201): CRequiredValidator->validateAttribute()
#3 /var/www/html/yii/framework/base/CModel.php(159): CValidator->validate()
#4 /var/www/html/yii/framework/db/ar/CActiveRecord.php(810): CModel->validate()
#5 /var/www/html/yii/interviewcrud/protected/controllers/SiteController.php(44): CActiveRecord->save()
#6 /var/www/html/yii/framework/web/actions/CInlineAction.php(49): SiteController->actionIndex()
#7 /var/www/html/yii/framework/web/CController.php(308): CInlineAction->runWithParams()
#8 /var/www/html/yii/framework/web/CController.php(286): CController->runAction()
#9 /var/www/html/yii/framework/web/CController.php(265): CController->runActionWithFilters()
#10 /var/www/html/yii/framework/web/CWebApplication.php(282): CController->run()
#11 /var/www/html/yii/framework/web/CWebApplication.php(141): CWebApplication->runController()
#12 /var/www/html/yii/framework/base/CApplication.php(185): CWebApplication->processRequest()
#13 /var/www/html/yii/interviewcrud/index.php(13): CApplication->run()
#14 {main}
REQUEST_URI=/yii/interviewcrud/index.php/site/index
HTTP_REFERER=http://localhost/yii/interviewcrud/index.php/site/index
---
2021/12/09 11:47:42 [error] [system.db.CDbCommand] CDbCommand::fetchAll() failed: SQLSTATE[42S02]: Base table or view not found: 1146 Table 'interview_crud.{{user_informations}}' doesn't exist. The SQL statement executed was: SHOW FULL COLUMNS FROM `{{user_informations}}`.
in /var/www/html/yii/interviewcrud/protected/controllers/SiteController.php (34)
in /var/www/html/yii/interviewcrud/index.php (13)
2021/12/09 11:47:42 [error] [exception.CDbException] CDbException: The table "{{user_informations}}" for active record class "UserInformation" cannot be found in the database. in /var/www/html/yii/framework/db/ar/CActiveRecord.php:2390
Stack trace:
#0 /var/www/html/yii/framework/db/ar/CActiveRecord.php(413): CActiveRecordMetaData->__construct()
#1 /var/www/html/yii/framework/db/ar/CActiveRecord.php(79): CActiveRecord->getMetaData()
#2 /var/www/html/yii/interviewcrud/protected/controllers/SiteController.php(34): CActiveRecord->__construct()
#3 /var/www/html/yii/framework/web/actions/CInlineAction.php(49): SiteController->actionIndex()
#4 /var/www/html/yii/framework/web/CController.php(308): CInlineAction->runWithParams()
#5 /var/www/html/yii/framework/web/CController.php(286): CController->runAction()
#6 /var/www/html/yii/framework/web/CController.php(265): CController->runActionWithFilters()
#7 /var/www/html/yii/framework/web/CWebApplication.php(282): CController->run()
#8 /var/www/html/yii/framework/web/CWebApplication.php(141): CWebApplication->runController()
#9 /var/www/html/yii/framework/base/CApplication.php(185): CWebApplication->processRequest()
#10 /var/www/html/yii/interviewcrud/index.php(13): CApplication->run()
#11 {main}
REQUEST_URI=/yii/interviewcrud/index.php/site/index
---
2021/12/09 11:48:32 [error] [exception.CException] CException: Property "UserInformation.first_name,last_name, college,branch,city" is not defined. in /var/www/html/yii/framework/base/CComponent.php:130
Stack trace:
#0 /var/www/html/yii/framework/db/ar/CActiveRecord.php(145): CComponent->__get()
#1 /var/www/html/yii/framework/validators/CRequiredValidator.php(58): CActiveRecord->__get()
#2 /var/www/html/yii/framework/validators/CValidator.php(201): CRequiredValidator->validateAttribute()
#3 /var/www/html/yii/framework/base/CModel.php(159): CValidator->validate()
#4 /var/www/html/yii/framework/db/ar/CActiveRecord.php(810): CModel->validate()
#5 /var/www/html/yii/interviewcrud/protected/controllers/SiteController.php(44): CActiveRecord->save()
#6 /var/www/html/yii/framework/web/actions/CInlineAction.php(49): SiteController->actionIndex()
#7 /var/www/html/yii/framework/web/CController.php(308): CInlineAction->runWithParams()
#8 /var/www/html/yii/framework/web/CController.php(286): CController->runAction()
#9 /var/www/html/yii/framework/web/CController.php(265): CController->runActionWithFilters()
#10 /var/www/html/yii/framework/web/CWebApplication.php(282): CController->run()
#11 /var/www/html/yii/framework/web/CWebApplication.php(141): CWebApplication->runController()
#12 /var/www/html/yii/framework/base/CApplication.php(185): CWebApplication->processRequest()
#13 /var/www/html/yii/interviewcrud/index.php(13): CApplication->run()
#14 {main}
REQUEST_URI=/yii/interviewcrud/index.php/site/index
HTTP_REFERER=http://localhost/yii/interviewcrud/index.php/site/index
---
2021/12/09 11:49:18 [error] [exception.CException] CException: Property "UserInformation.first_name,last_name, college,branch,city" is not defined. in /var/www/html/yii/framework/base/CComponent.php:130
Stack trace:
#0 /var/www/html/yii/framework/db/ar/CActiveRecord.php(145): CComponent->__get()
#1 /var/www/html/yii/framework/validators/CRequiredValidator.php(58): CActiveRecord->__get()
#2 /var/www/html/yii/framework/validators/CValidator.php(201): CRequiredValidator->validateAttribute()
#3 /var/www/html/yii/framework/base/CModel.php(159): CValidator->validate()
#4 /var/www/html/yii/framework/db/ar/CActiveRecord.php(810): CModel->validate()
#5 /var/www/html/yii/interviewcrud/protected/controllers/SiteController.php(44): CActiveRecord->save()
#6 /var/www/html/yii/framework/web/actions/CInlineAction.php(49): SiteController->actionIndex()
#7 /var/www/html/yii/framework/web/CController.php(308): CInlineAction->runWithParams()
#8 /var/www/html/yii/framework/web/CController.php(286): CController->runAction()
#9 /var/www/html/yii/framework/web/CController.php(265): CController->runActionWithFilters()
#10 /var/www/html/yii/framework/web/CWebApplication.php(282): CController->run()
#11 /var/www/html/yii/framework/web/CWebApplication.php(141): CWebApplication->runController()
#12 /var/www/html/yii/framework/base/CApplication.php(185): CWebApplication->processRequest()
#13 /var/www/html/yii/interviewcrud/index.php(13): CApplication->run()
#14 {main}
REQUEST_URI=/yii/interviewcrud/index.php/site/index
HTTP_REFERER=http://localhost/yii/interviewcrud/index.php/site/index
---
2021/12/09 12:00:22 [error] [exception.CException] CException: Property "UserInformation.first_name,last_name, college,branch,city" is not defined. in /var/www/html/yii/framework/base/CComponent.php:130
Stack trace:
#0 /var/www/html/yii/framework/db/ar/CActiveRecord.php(145): CComponent->__get()
#1 /var/www/html/yii/framework/validators/CRequiredValidator.php(58): CActiveRecord->__get()
#2 /var/www/html/yii/framework/validators/CValidator.php(201): CRequiredValidator->validateAttribute()
#3 /var/www/html/yii/framework/base/CModel.php(159): CValidator->validate()
#4 /var/www/html/yii/framework/db/ar/CActiveRecord.php(810): CModel->validate()
#5 /var/www/html/yii/interviewcrud/protected/controllers/SiteController.php(41): CActiveRecord->save()
#6 /var/www/html/yii/framework/web/actions/CInlineAction.php(49): SiteController->actionIndex()
#7 /var/www/html/yii/framework/web/CController.php(308): CInlineAction->runWithParams()
#8 /var/www/html/yii/framework/web/CController.php(286): CController->runAction()
#9 /var/www/html/yii/framework/web/CController.php(265): CController->runActionWithFilters()
#10 /var/www/html/yii/framework/web/CWebApplication.php(282): CController->run()
#11 /var/www/html/yii/framework/web/CWebApplication.php(141): CWebApplication->runController()
#12 /var/www/html/yii/framework/base/CApplication.php(185): CWebApplication->processRequest()
#13 /var/www/html/yii/interviewcrud/index.php(13): CApplication->run()
#14 {main}
REQUEST_URI=/yii/interviewcrud/index.php/site/index
HTTP_REFERER=http://localhost/yii/interviewcrud/index.php/site/index
---
2021/12/09 12:02:47 [error] [system.db.CDbCommand] CDbCommand::fetchAll() failed: SQLSTATE[42S02]: Base table or view not found: 1146 Table 'interview_crud.users' doesn't exist. The SQL statement executed was: SHOW FULL COLUMNS FROM `users`.
in /var/www/html/yii/interviewcrud/protected/controllers/SiteController.php (34)
in /var/www/html/yii/interviewcrud/index.php (13)
2021/12/09 12:02:47 [error] [exception.CDbException] CDbException: The table "users" for active record class "User" cannot be found in the database. in /var/www/html/yii/framework/db/ar/CActiveRecord.php:2390
Stack trace:
#0 /var/www/html/yii/framework/db/ar/CActiveRecord.php(413): CActiveRecordMetaData->__construct()
#1 /var/www/html/yii/framework/db/ar/CActiveRecord.php(79): CActiveRecord->getMetaData()
#2 /var/www/html/yii/interviewcrud/protected/controllers/SiteController.php(34): CActiveRecord->__construct()
#3 /var/www/html/yii/framework/web/actions/CInlineAction.php(49): SiteController->actionIndex()
#4 /var/www/html/yii/framework/web/CController.php(308): CInlineAction->runWithParams()
#5 /var/www/html/yii/framework/web/CController.php(286): CController->runAction()
#6 /var/www/html/yii/framework/web/CController.php(265): CController->runActionWithFilters()
#7 /var/www/html/yii/framework/web/CWebApplication.php(282): CController->run()
#8 /var/www/html/yii/framework/web/CWebApplication.php(141): CWebApplication->runController()
#9 /var/www/html/yii/framework/base/CApplication.php(185): CWebApplication->processRequest()
#10 /var/www/html/yii/interviewcrud/index.php(13): CApplication->run()
#11 {main}
REQUEST_URI=/yii/interviewcrud/index.php/site/index
---
2021/12/09 12:03:15 [error] [exception.CException] CException: Property "User.first_name,last_name, college,branch,city" is not defined. in /var/www/html/yii/framework/base/CComponent.php:130
Stack trace:
#0 /var/www/html/yii/framework/db/ar/CActiveRecord.php(145): CComponent->__get()
#1 /var/www/html/yii/framework/validators/CRequiredValidator.php(58): CActiveRecord->__get()
#2 /var/www/html/yii/framework/validators/CValidator.php(201): CRequiredValidator->validateAttribute()
#3 /var/www/html/yii/framework/base/CModel.php(159): CValidator->validate()
#4 /var/www/html/yii/framework/db/ar/CActiveRecord.php(810): CModel->validate()
#5 /var/www/html/yii/interviewcrud/protected/controllers/SiteController.php(41): CActiveRecord->save()
#6 /var/www/html/yii/framework/web/actions/CInlineAction.php(49): SiteController->actionIndex()
#7 /var/www/html/yii/framework/web/CController.php(308): CInlineAction->runWithParams()
#8 /var/www/html/yii/framework/web/CController.php(286): CController->runAction()
#9 /var/www/html/yii/framework/web/CController.php(265): CController->runActionWithFilters()
#10 /var/www/html/yii/framework/web/CWebApplication.php(282): CController->run()
#11 /var/www/html/yii/framework/web/CWebApplication.php(141): CWebApplication->runController()
#12 /var/www/html/yii/framework/base/CApplication.php(185): CWebApplication->processRequest()
#13 /var/www/html/yii/interviewcrud/index.php(13): CApplication->run()
#14 {main}
REQUEST_URI=/yii/interviewcrud/index.php/site/index
HTTP_REFERER=http://localhost/yii/interviewcrud/index.php/site/index
---
2021/12/09 12:06:11 [error] [exception.CException] CException: Property "User.first_name,last_name, college,branch,city" is not defined. in /var/www/html/yii/framework/base/CComponent.php:130
Stack trace:
#0 /var/www/html/yii/framework/db/ar/CActiveRecord.php(145): CComponent->__get()
#1 /var/www/html/yii/framework/validators/CRequiredValidator.php(58): CActiveRecord->__get()
#2 /var/www/html/yii/framework/validators/CValidator.php(201): CRequiredValidator->validateAttribute()
#3 /var/www/html/yii/framework/base/CModel.php(159): CValidator->validate()
#4 /var/www/html/yii/framework/db/ar/CActiveRecord.php(810): CModel->validate()
#5 /var/www/html/yii/interviewcrud/protected/controllers/SiteController.php(41): CActiveRecord->save()
#6 /var/www/html/yii/framework/web/actions/CInlineAction.php(49): SiteController->actionIndex()
#7 /var/www/html/yii/framework/web/CController.php(308): CInlineAction->runWithParams()
#8 /var/www/html/yii/framework/web/CController.php(286): CController->runAction()
#9 /var/www/html/yii/framework/web/CController.php(265): CController->runActionWithFilters()
#10 /var/www/html/yii/framework/web/CWebApplication.php(282): CController->run()
#11 /var/www/html/yii/framework/web/CWebApplication.php(141): CWebApplication->runController()
#12 /var/www/html/yii/framework/base/CApplication.php(185): CWebApplication->processRequest()
#13 /var/www/html/yii/interviewcrud/index.php(13): CApplication->run()
#14 {main}
REQUEST_URI=/yii/interviewcrud/index.php/site/index
HTTP_REFERER=http://localhost/yii/interviewcrud/index.php/site/index
---
2021/12/09 12:15:16 [error] [php] include(User.php): failed to open stream: No such file or directory (/var/www/html/yii/framework/YiiBase.php:463)
Stack trace:
#0 /var/www/html/yii/framework/YiiBase.php(463): include()
#1 unknown(0): autoload()
#2 /var/www/html/yii/interviewcrud/protected/controllers/SiteController.php(34): spl_autoload_call()
#3 /var/www/html/yii/framework/web/actions/CInlineAction.php(49): SiteController->actionIndex()
#4 /var/www/html/yii/framework/web/CController.php(308): CInlineAction->runWithParams()
#5 /var/www/html/yii/framework/web/CController.php(286): SiteController->runAction()
#6 /var/www/html/yii/framework/web/CController.php(265): SiteController->runActionWithFilters()
#7 /var/www/html/yii/framework/web/CWebApplication.php(282): SiteController->run()
#8 /var/www/html/yii/framework/web/CWebApplication.php(141): CWebApplication->runController()
#9 /var/www/html/yii/framework/base/CApplication.php(185): CWebApplication->processRequest()
#10 /var/www/html/yii/interviewcrud/index.php(13): CWebApplication->run()
REQUEST_URI=/yii/interviewcrud/index.php/site/index
in /var/www/html/yii/interviewcrud/protected/controllers/SiteController.php (34)
in /var/www/html/yii/interviewcrud/index.php (13)
2021/12/09 12:15:45 [error] [php] include(User.php): failed to open stream: No such file or directory (/var/www/html/yii/framework/YiiBase.php:463)
Stack trace:
#0 /var/www/html/yii/framework/YiiBase.php(463): include()
#1 unknown(0): autoload()
#2 /var/www/html/yii/interviewcrud/protected/controllers/SiteController.php(34): spl_autoload_call()
#3 /var/www/html/yii/framework/web/actions/CInlineAction.php(49): SiteController->actionIndex()
#4 /var/www/html/yii/framework/web/CController.php(308): CInlineAction->runWithParams()
#5 /var/www/html/yii/framework/web/CController.php(286): SiteController->runAction()
#6 /var/www/html/yii/framework/web/CController.php(265): SiteController->runActionWithFilters()
#7 /var/www/html/yii/framework/web/CWebApplication.php(282): SiteController->run()
#8 /var/www/html/yii/framework/web/CWebApplication.php(141): CWebApplication->runController()
#9 /var/www/html/yii/framework/base/CApplication.php(185): CWebApplication->processRequest()
#10 /var/www/html/yii/interviewcrud/index.php(13): CWebApplication->run()
REQUEST_URI=/yii/interviewcrud/index.php/site/index
in /var/www/html/yii/interviewcrud/protected/controllers/SiteController.php (34)
in /var/www/html/yii/interviewcrud/index.php (13)
2021/12/09 12:15:56 [error] [exception.CDbException] CDbException: CDbConnection failed to open the DB connection: could not find driver in /var/www/html/yii/framework/db/CDbConnection.php:399
Stack trace:
#0 /var/www/html/yii/framework/db/CDbConnection.php(347): CDbConnection->open()
#1 /var/www/html/yii/framework/db/CDbConnection.php(325): CDbConnection->setActive()
#2 /var/www/html/yii/framework/base/CModule.php(394): CDbConnection->init()
#3 /var/www/html/yii/framework/base/CApplication.php(459): CModule->getComponent()
#4 /var/www/html/yii/framework/db/ar/CActiveRecord.php(639): CApplication->getDb()
#5 /var/www/html/yii/framework/db/ar/CActiveRecord.php(2389): CActiveRecord->getDbConnection()
#6 /var/www/html/yii/framework/db/ar/CActiveRecord.php(413): CActiveRecordMetaData->__construct()
#7 /var/www/html/yii/framework/db/ar/CActiveRecord.php(79): CActiveRecord->getMetaData()
#8 /var/www/html/yii/interviewcrud/protected/controllers/SiteController.php(34): CActiveRecord->__construct()
#9 /var/www/html/yii/framework/web/actions/CInlineAction.php(49): SiteController->actionIndex()
#10 /var/www/html/yii/framework/web/CController.php(308): CInlineAction->runWithParams()
#11 /var/www/html/yii/framework/web/CController.php(286): CController->runAction()
#12 /var/www/html/yii/framework/web/CController.php(265): CController->runActionWithFilters()
#13 /var/www/html/yii/framework/web/CWebApplication.php(282): CController->run()
#14 /var/www/html/yii/framework/web/CWebApplication.php(141): CWebApplication->runController()
#15 /var/www/html/yii/framework/base/CApplication.php(185): CWebApplication->processRequest()
#16 /var/www/html/yii/interviewcrud/index.php(13): CApplication->run()
#17 {main}
REQUEST_URI=/yii/interviewcrud/index.php/site/index
---
2021/12/09 12:16:19 [error] [exception.CException] CException: UserInformation has an invalid validation rule. The rule must specify attributes to be validated and the validator name. in /var/www/html/yii/framework/base/CModel.php:289
Stack trace:
#0 /var/www/html/yii/framework/base/CModel.php(260): CModel->createValidators()
#1 /var/www/html/yii/framework/base/CModel.php(158): CModel->getValidators()
#2 /var/www/html/yii/framework/db/ar/CActiveRecord.php(810): CModel->validate()
#3 /var/www/html/yii/interviewcrud/protected/controllers/SiteController.php(41): CActiveRecord->save()
#4 /var/www/html/yii/framework/web/actions/CInlineAction.php(49): SiteController->actionIndex()
#5 /var/www/html/yii/framework/web/CController.php(308): CInlineAction->runWithParams()
#6 /var/www/html/yii/framework/web/CController.php(286): CController->runAction()
#7 /var/www/html/yii/framework/web/CController.php(265): CController->runActionWithFilters()
#8 /var/www/html/yii/framework/web/CWebApplication.php(282): CController->run()
#9 /var/www/html/yii/framework/web/CWebApplication.php(141): CWebApplication->runController()
#10 /var/www/html/yii/framework/base/CApplication.php(185): CWebApplication->processRequest()
#11 /var/www/html/yii/interviewcrud/index.php(13): CApplication->run()
#12 {main}
REQUEST_URI=/yii/interviewcrud/index.php/site/index
HTTP_REFERER=http://localhost/yii/interviewcrud/index.php/site/index
---
2021/12/09 12:17:53 [error] [exception.CException] CException: Property "UserInformation.first_name,last_name, college,branch,city" is not defined. in /var/www/html/yii/framework/base/CComponent.php:130
Stack trace:
#0 /var/www/html/yii/framework/db/ar/CActiveRecord.php(145): CComponent->__get()
#1 /var/www/html/yii/framework/validators/CRequiredValidator.php(58): CActiveRecord->__get()
#2 /var/www/html/yii/framework/validators/CValidator.php(201): CRequiredValidator->validateAttribute()
#3 /var/www/html/yii/framework/base/CModel.php(159): CValidator->validate()
#4 /var/www/html/yii/framework/db/ar/CActiveRecord.php(810): CModel->validate()
#5 /var/www/html/yii/interviewcrud/protected/controllers/SiteController.php(41): CActiveRecord->save()
#6 /var/www/html/yii/framework/web/actions/CInlineAction.php(49): SiteController->actionIndex()
#7 /var/www/html/yii/framework/web/CController.php(308): CInlineAction->runWithParams()
#8 /var/www/html/yii/framework/web/CController.php(286): CController->runAction()
#9 /var/www/html/yii/framework/web/CController.php(265): CController->runActionWithFilters()
#10 /var/www/html/yii/framework/web/CWebApplication.php(282): CController->run()
#11 /var/www/html/yii/framework/web/CWebApplication.php(141): CWebApplication->runController()
#12 /var/www/html/yii/framework/base/CApplication.php(185): CWebApplication->processRequest()
#13 /var/www/html/yii/interviewcrud/index.php(13): CApplication->run()
#14 {main}
REQUEST_URI=/yii/interviewcrud/index.php/site/index
HTTP_REFERER=http://localhost/yii/interviewcrud/index.php/site/index
---
2021/12/09 12:35:32 [error] [php] Undefined index: first_name (/var/www/html/yii/interviewcrud/protected/controllers/SiteController.php:36)
Stack trace:
#0 /var/www/html/yii/framework/web/actions/CInlineAction.php(49): SiteController->actionIndex()
#1 /var/www/html/yii/framework/web/CController.php(308): CInlineAction->runWithParams()
#2 /var/www/html/yii/framework/web/CController.php(286): SiteController->runAction()
#3 /var/www/html/yii/framework/web/CController.php(265): SiteController->runActionWithFilters()
#4 /var/www/html/yii/framework/web/CWebApplication.php(282): SiteController->run()
#5 /var/www/html/yii/framework/web/CWebApplication.php(141): CWebApplication->runController()
#6 /var/www/html/yii/framework/base/CApplication.php(185): CWebApplication->processRequest()
#7 /var/www/html/yii/interviewcrud/index.php(13): CWebApplication->run()
REQUEST_URI=/yii/interviewcrud/index.php/site/index
in /var/www/html/yii/interviewcrud/protected/controllers/SiteController.php (36)
in /var/www/html/yii/interviewcrud/index.php (13)
2021/12/09 12:35:56 [error] [exception.Error] Error: Access to undeclared static property: Yii::$app in /var/www/html/yii/interviewcrud/protected/controllers/SiteController.php:45
Stack trace:
#0 /var/www/html/yii/framework/web/actions/CInlineAction.php(49): SiteController->actionIndex()
#1 /var/www/html/yii/framework/web/CController.php(308): CInlineAction->runWithParams()
#2 /var/www/html/yii/framework/web/CController.php(286): CController->runAction()
#3 /var/www/html/yii/framework/web/CController.php(265): CController->runActionWithFilters()
#4 /var/www/html/yii/framework/web/CWebApplication.php(282): CController->run()
#5 /var/www/html/yii/framework/web/CWebApplication.php(141): CWebApplication->runController()
#6 /var/www/html/yii/framework/base/CApplication.php(185): CWebApplication->processRequest()
#7 /var/www/html/yii/interviewcrud/index.php(13): CApplication->run()
#8 {main}
REQUEST_URI=/yii/interviewcrud/index.php/site/index
---
2021/12/09 12:36:06 [error] [exception.CException] CException: CHttpSession and its behaviors do not have a method or closure named "setFlash". in /var/www/html/yii/framework/base/CComponent.php:266
Stack trace:
#0 /var/www/html/yii/interviewcrud/protected/controllers/SiteController.php(45): CComponent->__call()
#1 /var/www/html/yii/framework/web/actions/CInlineAction.php(49): SiteController->actionIndex()
#2 /var/www/html/yii/framework/web/CController.php(308): CInlineAction->runWithParams()
#3 /var/www/html/yii/framework/web/CController.php(286): CController->runAction()
#4 /var/www/html/yii/framework/web/CController.php(265): CController->runActionWithFilters()
#5 /var/www/html/yii/framework/web/CWebApplication.php(282): CController->run()
#6 /var/www/html/yii/framework/web/CWebApplication.php(141): CWebApplication->runController()
#7 /var/www/html/yii/framework/base/CApplication.php(185): CWebApplication->processRequest()
#8 /var/www/html/yii/interviewcrud/index.php(13): CApplication->run()
#9 {main}
REQUEST_URI=/yii/interviewcrud/index.php/site/index
---
2021/12/09 12:39:16 [error] [exception.ParseError] ParseError: syntax error, unexpected ']' in /var/www/html/yii/interviewcrud/protected/controllers/SiteController.php:53
Stack trace:
#0 /var/www/html/yii/framework/web/CWebApplication.php(276): CWebApplication->createController()
#1 /var/www/html/yii/framework/web/CWebApplication.php(141): CWebApplication->runController()
#2 /var/www/html/yii/framework/base/CApplication.php(185): CWebApplication->processRequest()
#3 /var/www/html/yii/interviewcrud/index.php(13): CApplication->run()
#4 {main}
REQUEST_URI=/yii/interviewcrud/index.php/site/index
---
2021/12/09 12:41:03 [error] [exception.Error] Error: Using $this when not in object context in /var/www/html/yii/framework/db/ar/CActiveRecord.php:1476
Stack trace:
#0 /var/www/html/yii/interviewcrud/protected/controllers/SiteController.php(50): CActiveRecord::findAll()
#1 /var/www/html/yii/framework/web/actions/CInlineAction.php(49): SiteController->actionIndex()
#2 /var/www/html/yii/framework/web/CController.php(308): CInlineAction->runWithParams()
#3 /var/www/html/yii/framework/web/CController.php(286): CController->runAction()
#4 /var/www/html/yii/framework/web/CController.php(265): CController->runActionWithFilters()
#5 /var/www/html/yii/framework/web/CWebApplication.php(282): CController->run()
#6 /var/www/html/yii/framework/web/CWebApplication.php(141): CWebApplication->runController()
#7 /var/www/html/yii/framework/base/CApplication.php(185): CWebApplication->processRequest()
#8 /var/www/html/yii/interviewcrud/index.php(13): CApplication->run()
#9 {main}
REQUEST_URI=/yii/interviewcrud/index.php/site/index
---
2021/12/09 12:42:01 [error] [exception.Error] Error: Using $this when not in object context in /var/www/html/yii/framework/db/ar/CActiveRecord.php:1462
Stack trace:
#0 /var/www/html/yii/interviewcrud/protected/controllers/SiteController.php(50): CActiveRecord::find()
#1 /var/www/html/yii/framework/web/actions/CInlineAction.php(49): SiteController->actionIndex()
#2 /var/www/html/yii/framework/web/CController.php(308): CInlineAction->runWithParams()
#3 /var/www/html/yii/framework/web/CController.php(286): CController->runAction()
#4 /var/www/html/yii/framework/web/CController.php(265): CController->runActionWithFilters()
#5 /var/www/html/yii/framework/web/CWebApplication.php(282): CController->run()
#6 /var/www/html/yii/framework/web/CWebApplication.php(141): CWebApplication->runController()
#7 /var/www/html/yii/framework/base/CApplication.php(185): CWebApplication->processRequest()
#8 /var/www/html/yii/interviewcrud/index.php(13): CApplication->run()
#9 {main}
REQUEST_URI=/yii/interviewcrud/index.php/site/index
---
2021/12/09 12:42:14 [error] [exception.Error] Error: Using $this when not in object context in /var/www/html/yii/framework/db/ar/CActiveRecord.php:1462
Stack trace:
#0 /var/www/html/yii/interviewcrud/protected/controllers/SiteController.php(50): CActiveRecord::find()
#1 /var/www/html/yii/framework/web/actions/CInlineAction.php(49): SiteController->actionIndex()
#2 /var/www/html/yii/framework/web/CController.php(308): CInlineAction->runWithParams()
#3 /var/www/html/yii/framework/web/CController.php(286): CController->runAction()
#4 /var/www/html/yii/framework/web/CController.php(265): CController->runActionWithFilters()
#5 /var/www/html/yii/framework/web/CWebApplication.php(282): CController->run()
#6 /var/www/html/yii/framework/web/CWebApplication.php(141): CWebApplication->runController()
#7 /var/www/html/yii/framework/base/CApplication.php(185): CWebApplication->processRequest()
#8 /var/www/html/yii/interviewcrud/index.php(13): CApplication->run()
#9 {main}
REQUEST_URI=/yii/interviewcrud/index.php/site/index
---
2021/12/09 12:42:16 [error] [exception.Error] Error: Using $this when not in object context in /var/www/html/yii/framework/db/ar/CActiveRecord.php:1462
Stack trace:
#0 /var/www/html/yii/interviewcrud/protected/controllers/SiteController.php(50): CActiveRecord::find()
#1 /var/www/html/yii/framework/web/actions/CInlineAction.php(49): SiteController->actionIndex()
#2 /var/www/html/yii/framework/web/CController.php(308): CInlineAction->runWithParams()
#3 /var/www/html/yii/framework/web/CController.php(286): CController->runAction()
#4 /var/www/html/yii/framework/web/CController.php(265): CController->runActionWithFilters()
#5 /var/www/html/yii/framework/web/CWebApplication.php(282): CController->run()
#6 /var/www/html/yii/framework/web/CWebApplication.php(141): CWebApplication->runController()
#7 /var/www/html/yii/framework/base/CApplication.php(185): CWebApplication->processRequest()
#8 /var/www/html/yii/interviewcrud/index.php(13): CApplication->run()
#9 {main}
REQUEST_URI=/yii/interviewcrud/index.php/site/index
---
2021/12/09 12:42:58 [error] [exception.Error] Error: Using $this when not in object context in /var/www/html/yii/framework/db/ar/CActiveRecord.php:1462
Stack trace:
#0 /var/www/html/yii/interviewcrud/protected/controllers/SiteController.php(50): CActiveRecord::find()
#1 /var/www/html/yii/framework/web/actions/CInlineAction.php(49): SiteController->actionIndex()
#2 /var/www/html/yii/framework/web/CController.php(308): CInlineAction->runWithParams()
#3 /var/www/html/yii/framework/web/CController.php(286): CController->runAction()
#4 /var/www/html/yii/framework/web/CController.php(265): CController->runActionWithFilters()
#5 /var/www/html/yii/framework/web/CWebApplication.php(282): CController->run()
#6 /var/www/html/yii/framework/web/CWebApplication.php(141): CWebApplication->runController()
#7 /var/www/html/yii/framework/base/CApplication.php(185): CWebApplication->processRequest()
#8 /var/www/html/yii/interviewcrud/index.php(13): CApplication->run()
#9 {main}
REQUEST_URI=/yii/interviewcrud/index.php/site/index
---
2021/12/09 12:43:02 [error] [exception.Error] Error: Using $this when not in object context in /var/www/html/yii/framework/db/ar/CActiveRecord.php:1462
Stack trace:
#0 /var/www/html/yii/interviewcrud/protected/controllers/SiteController.php(50): CActiveRecord::find()
#1 /var/www/html/yii/framework/web/actions/CInlineAction.php(49): SiteController->actionIndex()
#2 /var/www/html/yii/framework/web/CController.php(308): CInlineAction->runWithParams()
#3 /var/www/html/yii/framework/web/CController.php(286): CController->runAction()
#4 /var/www/html/yii/framework/web/CController.php(265): CController->runActionWithFilters()
#5 /var/www/html/yii/framework/web/CWebApplication.php(282): CController->run()
#6 /var/www/html/yii/framework/web/CWebApplication.php(141): CWebApplication->runController()
#7 /var/www/html/yii/framework/base/CApplication.php(185): CWebApplication->processRequest()
#8 /var/www/html/yii/interviewcrud/index.php(13): CApplication->run()
#9 {main}
REQUEST_URI=/yii/interviewcrud/index.php/site/index
---
2021/12/09 12:43:24 [error] [exception.Error] Error: Using $this when not in object context in /var/www/html/yii/framework/db/ar/CActiveRecord.php:1462
Stack trace:
#0 /var/www/html/yii/interviewcrud/protected/controllers/SiteController.php(50): CActiveRecord::find()
#1 /var/www/html/yii/framework/web/actions/CInlineAction.php(49): SiteController->actionIndex()
#2 /var/www/html/yii/framework/web/CController.php(308): CInlineAction->runWithParams()
#3 /var/www/html/yii/framework/web/CController.php(286): CController->runAction()
#4 /var/www/html/yii/framework/web/CController.php(265): CController->runActionWithFilters()
#5 /var/www/html/yii/framework/web/CWebApplication.php(282): CController->run()
#6 /var/www/html/yii/framework/web/CWebApplication.php(141): CWebApplication->runController()
#7 /var/www/html/yii/framework/base/CApplication.php(185): CWebApplication->processRequest()
#8 /var/www/html/yii/interviewcrud/index.php(13): CApplication->run()
#9 {main}
REQUEST_URI=/yii/interviewcrud/index.php/site/index
---
2021/12/09 12:43:47 [error] [exception.Error] Error: Using $this when not in object context in /var/www/html/yii/framework/db/ar/CActiveRecord.php:1462
Stack trace:
#0 /var/www/html/yii/interviewcrud/protected/controllers/SiteController.php(50): CActiveRecord::find()
#1 /var/www/html/yii/framework/web/actions/CInlineAction.php(49): SiteController->actionIndex()
#2 /var/www/html/yii/framework/web/CController.php(308): CInlineAction->runWithParams()
#3 /var/www/html/yii/framework/web/CController.php(286): CController->runAction()
#4 /var/www/html/yii/framework/web/CController.php(265): CController->runActionWithFilters()
#5 /var/www/html/yii/framework/web/CWebApplication.php(282): CController->run()
#6 /var/www/html/yii/framework/web/CWebApplication.php(141): CWebApplication->runController()
#7 /var/www/html/yii/framework/base/CApplication.php(185): CWebApplication->processRequest()
#8 /var/www/html/yii/interviewcrud/index.php(13): CApplication->run()
#9 {main}
REQUEST_URI=/yii/interviewcrud/index.php/site/index
---
2021/12/09 12:43:51 [error] [exception.CHttpException.404] CHttpException: The system is unable to find the requested action "page". in /var/www/html/yii/framework/web/CController.php:486
Stack trace:
#0 /var/www/html/yii/framework/web/CController.php(270): CController->missingAction()
#1 /var/www/html/yii/framework/web/CWebApplication.php(282): CController->run()
#2 /var/www/html/yii/framework/web/CWebApplication.php(141): CWebApplication->runController()
#3 /var/www/html/yii/framework/base/CApplication.php(185): CWebApplication->processRequest()
#4 /var/www/html/yii/interviewcrud/index.php(13): CApplication->run()
#5 {main}
REQUEST_URI=/yii/interviewcrud/index.php/site/page?view=about
HTTP_REFERER=http://localhost/yii/interviewcrud/index.php
---
2021/12/09 12:44:15 [error] [exception.Error] Error: Using $this when not in object context in /var/www/html/yii/framework/db/ar/CActiveRecord.php:1462
Stack trace:
#0 /var/www/html/yii/interviewcrud/protected/controllers/SiteController.php(50): CActiveRecord::find()
#1 /var/www/html/yii/framework/web/actions/CInlineAction.php(49): SiteController->actionIndex()
#2 /var/www/html/yii/framework/web/CController.php(308): CInlineAction->runWithParams()
#3 /var/www/html/yii/framework/web/CController.php(286): CController->runAction()
#4 /var/www/html/yii/framework/web/CController.php(265): CController->runActionWithFilters()
#5 /var/www/html/yii/framework/web/CWebApplication.php(282): CController->run()
#6 /var/www/html/yii/framework/web/CWebApplication.php(141): CWebApplication->runController()
#7 /var/www/html/yii/framework/base/CApplication.php(185): CWebApplication->processRequest()
#8 /var/www/html/yii/interviewcrud/index.php(13): CApplication->run()
#9 {main}
REQUEST_URI=/yii/interviewcrud/index.php
HTTP_REFERER=http://localhost/yii/interviewcrud/index.php/site/page?view=about
---
2021/12/09 12:44:16 [error] [exception.Error] Error: Using $this when not in object context in /var/www/html/yii/framework/db/ar/CActiveRecord.php:1462
Stack trace:
#0 /var/www/html/yii/interviewcrud/protected/controllers/SiteController.php(50): CActiveRecord::find()
#1 /var/www/html/yii/framework/web/actions/CInlineAction.php(49): SiteController->actionIndex()
#2 /var/www/html/yii/framework/web/CController.php(308): CInlineAction->runWithParams()
#3 /var/www/html/yii/framework/web/CController.php(286): CController->runAction()
#4 /var/www/html/yii/framework/web/CController.php(265): CController->runActionWithFilters()
#5 /var/www/html/yii/framework/web/CWebApplication.php(282): CController->run()
#6 /var/www/html/yii/framework/web/CWebApplication.php(141): CWebApplication->runController()
#7 /var/www/html/yii/framework/base/CApplication.php(185): CWebApplication->processRequest()
#8 /var/www/html/yii/interviewcrud/index.php(13): CApplication->run()
#9 {main}
REQUEST_URI=/yii/interviewcrud/index.php
---
2021/12/09 12:44:19 [error] [exception.Error] Error: Using $this when not in object context in /var/www/html/yii/framework/db/ar/CActiveRecord.php:1462
Stack trace:
#0 /var/www/html/yii/interviewcrud/protected/controllers/SiteController.php(50): CActiveRecord::find()
#1 /var/www/html/yii/framework/web/actions/CInlineAction.php(49): SiteController->actionIndex()
#2 /var/www/html/yii/framework/web/CController.php(308): CInlineAction->runWithParams()
#3 /var/www/html/yii/framework/web/CController.php(286): CController->runAction()
#4 /var/www/html/yii/framework/web/CController.php(265): CController->runActionWithFilters()
#5 /var/www/html/yii/framework/web/CWebApplication.php(282): CController->run()
#6 /var/www/html/yii/framework/web/CWebApplication.php(141): CWebApplication->runController()
#7 /var/www/html/yii/framework/base/CApplication.php(185): CWebApplication->processRequest()
#8 /var/www/html/yii/interviewcrud/index.php(13): CApplication->run()
#9 {main}
REQUEST_URI=/yii/interviewcrud/index.php
---
2021/12/09 12:44:59 [error] [exception.CException] CException: UserInformation and its behaviors do not have a method or closure named "all". in /var/www/html/yii/framework/base/CComponent.php:266
Stack trace:
#0 /var/www/html/yii/framework/db/ar/CActiveRecord.php(229): CComponent->__call()
#1 /var/www/html/yii/interviewcrud/protected/controllers/SiteController.php(50): CActiveRecord->__call()
#2 /var/www/html/yii/framework/web/actions/CInlineAction.php(49): SiteController->actionIndex()
#3 /var/www/html/yii/framework/web/CController.php(308): CInlineAction->runWithParams()
#4 /var/www/html/yii/framework/web/CController.php(286): CController->runAction()
#5 /var/www/html/yii/framework/web/CController.php(265): CController->runActionWithFilters()
#6 /var/www/html/yii/framework/web/CWebApplication.php(282): CController->run()
#7 /var/www/html/yii/framework/web/CWebApplication.php(141): CWebApplication->runController()
#8 /var/www/html/yii/framework/base/CApplication.php(185): CWebApplication->processRequest()
#9 /var/www/html/yii/interviewcrud/index.php(13): CApplication->run()
#10 {main}
REQUEST_URI=/yii/interviewcrud/index.php
---
2021/12/09 13:16:28 [error] [exception.CException] CException: SiteController cannot find the requested view "user". in /var/www/html/yii/framework/web/CController.php:881
Stack trace:
#0 /var/www/html/yii/framework/web/CController.php(785): CController->renderPartial()
#1 /var/www/html/yii/interviewcrud/protected/controllers/SiteController.php(61): CController->render()
#2 /var/www/html/yii/framework/web/actions/CInlineAction.php(49): SiteController->actionUser()
#3 /var/www/html/yii/framework/web/CController.php(308): CInlineAction->runWithParams()
#4 /var/www/html/yii/framework/web/CController.php(286): CController->runAction()
#5 /var/www/html/yii/framework/web/CController.php(265): CController->runActionWithFilters()
#6 /var/www/html/yii/framework/web/CWebApplication.php(282): CController->run()
#7 /var/www/html/yii/framework/web/CWebApplication.php(141): CWebApplication->runController()
#8 /var/www/html/yii/framework/base/CApplication.php(185): CWebApplication->processRequest()
#9 /var/www/html/yii/interviewcrud/index.php(13): CApplication->run()
#10 {main}
REQUEST_URI=/yii/interviewcrud/index.php/site/user
HTTP_REFERER=http://localhost/yii/interviewcrud/index.php
---
2021/12/09 13:41:30 [error] [exception.CHttpException.404] CHttpException: The system is unable to find the requested action "delete1". in /var/www/html/yii/framework/web/CController.php:486
Stack trace:
#0 /var/www/html/yii/framework/web/CController.php(270): CController->missingAction()
#1 /var/www/html/yii/framework/web/CWebApplication.php(282): CController->run()
#2 /var/www/html/yii/framework/web/CWebApplication.php(141): CWebApplication->runController()
#3 /var/www/html/yii/framework/base/CApplication.php(185): CWebApplication->processRequest()
#4 /var/www/html/yii/interviewcrud/index.php(13): CApplication->run()
#5 {main}
REQUEST_URI=/yii/interviewcrud/index.php/site/delete1
HTTP_REFERER=http://localhost/yii/interviewcrud/index.php
---
2021/12/09 13:47:39 [error] [php] include(NotFoundHttpException.php): failed to open stream: No such file or directory (/var/www/html/yii/framework/YiiBase.php:463)
Stack trace:
#0 /var/www/html/yii/framework/YiiBase.php(463): include()
#1 unknown(0): autoload()
#2 /var/www/html/yii/interviewcrud/protected/controllers/SiteController.php(47): spl_autoload_call()
#3 unknown(0): SiteController->actionDelete()
#4 /var/www/html/yii/framework/web/actions/CAction.php(115): ReflectionMethod->invokeArgs()
#5 /var/www/html/yii/framework/web/actions/CInlineAction.php(47): CInlineAction->runWithParamsInternal()
#6 /var/www/html/yii/framework/web/CController.php(308): CInlineAction->runWithParams()
#7 /var/www/html/yii/framework/web/CController.php(286): SiteController->runAction()
#8 /var/www/html/yii/framework/web/CController.php(265): SiteController->runActionWithFilters()
#9 /var/www/html/yii/framework/web/CWebApplication.php(282): SiteController->run()
#10 /var/www/html/yii/framework/web/CWebApplication.php(141): CWebApplication->runController()
#11 /var/www/html/yii/framework/base/CApplication.php(185): CWebApplication->processRequest()
#12 /var/www/html/yii/interviewcrud/index.php(13): CWebApplication->run()
REQUEST_URI=/yii/interviewcrud/index.php/site/delete/6
in /var/www/html/yii/interviewcrud/protected/controllers/SiteController.php (47)
in /var/www/html/yii/interviewcrud/index.php (13)
